This file contains any messages produced by compilers while
running configure, to aid debugging if configure makes a mistake.

It was created by libffi configure 2.1, which was
generated by GNU Autoconf 2.59.  Invocation command line was

  $ /home/duoyi/Document/pythonstudy/Python-2.5/Modules/_ctypes/libffi/configure 

## --------- ##
## Platform. ##
## --------- ##

hostname = duoyi
uname -m = x86_64
uname -r = 3.16.0-77-generic
uname -s = Linux
uname -v = #99~14.04.1-Ubuntu SMP Tue Jun 28 19:17:10 UTC 2016

/usr/bin/uname -p = unknown
/bin/uname -X     = unknown

/bin/arch              = unknown
/usr/bin/arch -k       = unknown
/usr/convex/getsysinfo = unknown
hostinfo               = unknown
/bin/machine           = unknown
/usr/bin/oslevel       = unknown
/bin/universe          = unknown

PATH: /usr/java/java-7-sun/bin
PATH: /usr/java/java-7-sun/jre/bin
PATH: /usr/local/sbin
PATH: /usr/local/bin
PATH: /usr/sbin
PATH: /usr/bin
PATH: /sbin
PATH: /bin


## ----------- ##
## Core tests. ##
## ----------- ##

configure:1328: checking build system type
configure:1346: result: x86_64-unknown-linux-gnu
configure:1354: checking host system type
configure:1368: result: x86_64-unknown-linux-gnu
configure:1376: checking target system type
configure:1390: result: x86_64-unknown-linux-gnu
configure:1454: checking for gcc
configure:1480: result: gcc -pthread
configure:1724: checking for C compiler version
configure:1727: gcc -pthread --version </dev/null >&5
gcc (Ubuntu 4.8.5-2ubuntu1~14.04.1) 4.8.5
Copyright (C) 2015 Free Software Foundation, Inc.
This is free software; see the source for copying conditions.  There is NO
warranty; not even for MERCHANTABILITY or FITNESS FOR A PARTICULAR PURPOSE.

configure:1730: $? = 0
configure:1732: gcc -pthread -v </dev/null >&5
Using built-in specs.
COLLECT_GCC=gcc
COLLECT_LTO_WRAPPER=/usr/lib/gcc/x86_64-linux-gnu/4.8/lto-wrapper
Target: x86_64-linux-gnu
Configured with: ../src/configure -v --with-pkgversion='Ubuntu 4.8.5-2ubuntu1~14.04.1' --with-bugurl=file:///usr/share/doc/gcc-4.8/README.Bugs --enable-languages=c,c++,java,go,d,fortran,objc,obj-c++ --prefix=/usr --program-suffix=-4.8 --enable-shared --enable-linker-build-id --libexecdir=/usr/lib --without-included-gettext --enable-threads=posix --with-gxx-include-dir=/usr/include/c++/4.8 --libdir=/usr/lib --enable-nls --with-sysroot=/ --enable-clocale=gnu --enable-libstdcxx-debug --enable-libstdcxx-time=yes --enable-gnu-unique-object --disable-libmudflap --enable-plugin --with-system-zlib --disable-browser-plugin --enable-java-awt=gtk --enable-gtk-cairo --with-java-home=/usr/lib/jvm/java-1.5.0-gcj-4.8-amd64/jre --enable-java-home --with-jvm-root-dir=/usr/lib/jvm/java-1.5.0-gcj-4.8-amd64 --with-jvm-jar-dir=/usr/lib/jvm-exports/java-1.5.0-gcj-4.8-amd64 --with-arch-directory=amd64 --with-ecj-jar=/usr/share/java/eclipse-ecj.jar --enable-objc-gc --enable-multiarch --disable-werror --with-arch-32=i686 --with-abi=m64 --with-multilib-list=m32,m64,mx32 --with-tune=generic --enable-checking=release --build=x86_64-linux-gnu --host=x86_64-linux-gnu --target=x86_64-linux-gnu
Thread model: posix
gcc version 4.8.5 (Ubuntu 4.8.5-2ubuntu1~14.04.1) 
configure:1735: $? = 0
configure:1737: gcc -pthread -V </dev/null >&5
gcc: error: unrecognized command line option '-V'
gcc: fatal error: no input files
compilation terminated.
configure:1740: $? = 4
configure:1763: checking for C compiler default output file name
configure:1766: gcc -pthread    conftest.c  >&5
configure:1769: $? = 0
configure:1815: result: a.out
configure:1820: checking whether the C compiler works
configure:1826: ./a.out
configure:1829: $? = 0
configure:1846: result: yes
configure:1853: checking whether we are cross compiling
configure:1855: result: no
configure:1858: checking for suffix of executables
configure:1860: gcc -pthread -o conftest    conftest.c  >&5
configure:1863: $? = 0
configure:1888: result: 
configure:1894: checking for suffix of object files
configure:1915: gcc -pthread -c   conftest.c >&5
configure:1918: $? = 0
configure:1940: result: o
configure:1944: checking whether we are using the GNU C compiler
configure:1968: gcc -pthread -c   conftest.c >&5
configure:1974: $? = 0
configure:1977: test -z 			 || test ! -s conftest.err
configure:1980: $? = 0
configure:1983: test -s conftest.o
configure:1986: $? = 0
configure:1999: result: yes
configure:2005: checking whether gcc -pthread accepts -g
configure:2026: gcc -pthread -c -g  conftest.c >&5
configure:2032: $? = 0
configure:2035: test -z 			 || test ! -s conftest.err
configure:2038: $? = 0
configure:2041: test -s conftest.o
configure:2044: $? = 0
configure:2055: result: yes
configure:2072: checking for gcc -pthread option to accept ANSI C
configure:2142: gcc -pthread  -c   conftest.c >&5
configure:2148: $? = 0
configure:2151: test -z 			 || test ! -s conftest.err
configure:2154: $? = 0
configure:2157: test -s conftest.o
configure:2160: $? = 0
configure:2178: result: none needed
configure:2196: gcc -pthread -c   conftest.c >&5
conftest.c:2:3: error: unknown type name 'choke'
   choke me
   ^
conftest.c:2:3: error: expected '=', ',', ';', 'asm' or '__attribute__' at end of input
configure:2202: $? = 1
configure: failed program was:
| #ifndef __cplusplus
|   choke me
| #endif
configure:2342: checking how to run the C preprocessor
configure:2377: gcc -pthread -E  conftest.c
configure:2383: $? = 0
configure:2415: gcc -pthread -E  conftest.c
conftest.c:9:28: fatal error: ac_nonexistent.h: No such file or directory
 #include <ac_nonexistent.h>
                            ^
compilation terminated.
configure:2421: $? = 1
configure: failed program was:
| /* confdefs.h.  */
| 
| #define PACKAGE_NAME "libffi"
| #define PACKAGE_TARNAME "libffi"
| #define PACKAGE_VERSION "2.1"
| #define PACKAGE_STRING "libffi 2.1"
| #define PACKAGE_BUGREPORT "http://gcc.gnu.org/bugs.html"
| /* end confdefs.h.  */
| #include <ac_nonexistent.h>
configure:2460: result: gcc -pthread -E
configure:2484: gcc -pthread -E  conftest.c
configure:2490: $? = 0
configure:2522: gcc -pthread -E  conftest.c
conftest.c:9:28: fatal error: ac_nonexistent.h: No such file or directory
 #include <ac_nonexistent.h>
                            ^
compilation terminated.
configure:2528: $? = 1
configure: failed program was:
| /* confdefs.h.  */
| 
| #define PACKAGE_NAME "libffi"
| #define PACKAGE_TARNAME "libffi"
| #define PACKAGE_VERSION "2.1"
| #define PACKAGE_STRING "libffi 2.1"
| #define PACKAGE_BUGREPORT "http://gcc.gnu.org/bugs.html"
| /* end confdefs.h.  */
| #include <ac_nonexistent.h>
configure:2572: checking for egrep
configure:2582: result: grep -E
configure:2587: checking for ANSI C header files
configure:2612: gcc -pthread -c   conftest.c >&5
configure:2618: $? = 0
configure:2621: test -z 			 || test ! -s conftest.err
configure:2624: $? = 0
configure:2627: test -s conftest.o
configure:2630: $? = 0
configure:2719: gcc -pthread -o conftest    conftest.c  >&5
conftest.c: In function 'main':
conftest.c:26:7: warning: incompatible implicit declaration of built-in function 'exit' [enabled by default]
       exit(2);
       ^
configure:2722: $? = 0
configure:2724: ./conftest
configure:2727: $? = 0
configure:2742: result: yes
configure:2766: checking for sys/types.h
configure:2782: gcc -pthread -c   conftest.c >&5
configure:2788: $? = 0
configure:2791: test -z 			 || test ! -s conftest.err
configure:2794: $? = 0
configure:2797: test -s conftest.o
configure:2800: $? = 0
configure:2811: result: yes
configure:2766: checking for sys/stat.h
configure:2782: gcc -pthread -c   conftest.c >&5
configure:2788: $? = 0
configure:2791: test -z 			 || test ! -s conftest.err
configure:2794: $? = 0
configure:2797: test -s conftest.o
configure:2800: $? = 0
configure:2811: result: yes
configure:2766: checking for stdlib.h
configure:2782: gcc -pthread -c   conftest.c >&5
configure:2788: $? = 0
configure:2791: test -z 			 || test ! -s conftest.err
configure:2794: $? = 0
configure:2797: test -s conftest.o
configure:2800: $? = 0
configure:2811: result: yes
configure:2766: checking for string.h
configure:2782: gcc -pthread -c   conftest.c >&5
configure:2788: $? = 0
configure:2791: test -z 			 || test ! -s conftest.err
configure:2794: $? = 0
configure:2797: test -s conftest.o
configure:2800: $? = 0
configure:2811: result: yes
configure:2766: checking for memory.h
configure:2782: gcc -pthread -c   conftest.c >&5
configure:2788: $? = 0
configure:2791: test -z 			 || test ! -s conftest.err
configure:2794: $? = 0
configure:2797: test -s conftest.o
configure:2800: $? = 0
configure:2811: result: yes
configure:2766: checking for strings.h
configure:2782: gcc -pthread -c   conftest.c >&5
configure:2788: $? = 0
configure:2791: test -z 			 || test ! -s conftest.err
configure:2794: $? = 0
configure:2797: test -s conftest.o
configure:2800: $? = 0
configure:2811: result: yes
configure:2766: checking for inttypes.h
configure:2782: gcc -pthread -c   conftest.c >&5
configure:2788: $? = 0
configure:2791: test -z 			 || test ! -s conftest.err
configure:2794: $? = 0
configure:2797: test -s conftest.o
configure:2800: $? = 0
configure:2811: result: yes
configure:2766: checking for stdint.h
configure:2782: gcc -pthread -c   conftest.c >&5
configure:2788: $? = 0
configure:2791: test -z 			 || test ! -s conftest.err
configure:2794: $? = 0
configure:2797: test -s conftest.o
configure:2800: $? = 0
configure:2811: result: yes
configure:2766: checking for unistd.h
configure:2782: gcc -pthread -c   conftest.c >&5
configure:2788: $? = 0
configure:2791: test -z 			 || test ! -s conftest.err
configure:2794: $? = 0
configure:2797: test -s conftest.o
configure:2800: $? = 0
configure:2811: result: yes
configure:2837: checking sys/mman.h usability
configure:2849: gcc -pthread -c   conftest.c >&5
configure:2855: $? = 0
configure:2858: test -z 			 || test ! -s conftest.err
configure:2861: $? = 0
configure:2864: test -s conftest.o
configure:2867: $? = 0
configure:2877: result: yes
configure:2881: checking sys/mman.h presence
configure:2891: gcc -pthread -E  conftest.c
configure:2897: $? = 0
configure:2917: result: yes
configure:2952: checking for sys/mman.h
configure:2959: result: yes
configure:2976: checking for mmap
configure:3033: gcc -pthread -o conftest    conftest.c  >&5
configure:3039: $? = 0
configure:3042: test -z 			 || test ! -s conftest.err
configure:3045: $? = 0
configure:3048: test -s conftest
configure:3051: $? = 0
configure:3063: result: yes
configure:3075: checking for sys/mman.h
configure:3080: result: yes
configure:3217: checking for mmap
configure:3304: result: yes
configure:3318: checking whether read-only mmap of a plain file works
configure:3335: result: yes
configure:3337: checking whether mmap from /dev/zero works
configure:3359: result: yes
configure:3363: checking for MAP_ANON(YMOUS)
configure:3391: gcc -pthread -c   conftest.c >&5
configure:3397: $? = 0
configure:3400: test -z 			 || test ! -s conftest.err
configure:3403: $? = 0
configure:3406: test -s conftest.o
configure:3409: $? = 0
configure:3420: result: yes
configure:3426: checking whether mmap with MAP_ANON(YMOUS) works
configure:3443: result: yes
configure:3539: checking for ANSI C header files
configure:3694: result: yes
configure:3708: checking for memcpy
configure:3765: gcc -pthread -o conftest    conftest.c  >&5
conftest.c:49:6: warning: conflicting types for built-in function 'memcpy' [enabled by default]
 char memcpy ();
      ^
configure:3771: $? = 0
configure:3774: test -z 			 || test ! -s conftest.err
configure:3777: $? = 0
configure:3780: test -s conftest
configure:3783: $? = 0
configure:3795: result: yes
configure:3807: checking for working alloca.h
configure:3828: gcc -pthread -o conftest    conftest.c  >&5
configure:3834: $? = 0
configure:3837: test -z 			 || test ! -s conftest.err
configure:3840: $? = 0
configure:3843: test -s conftest
configure:3846: $? = 0
configure:3858: result: yes
configure:3868: checking for alloca
configure:3909: gcc -pthread -o conftest    conftest.c  >&5
configure:3915: $? = 0
configure:3918: test -z 			 || test ! -s conftest.err
configure:3921: $? = 0
configure:3924: test -s conftest
configure:3927: $? = 0
configure:3939: result: yes
configure:4162: checking for double
configure:4186: gcc -pthread -c   conftest.c >&5
configure:4192: $? = 0
configure:4195: test -z 			 || test ! -s conftest.err
configure:4198: $? = 0
configure:4201: test -s conftest.o
configure:4204: $? = 0
configure:4215: result: yes
configure:4218: checking size of double
configure:4530: gcc -pthread -o conftest    conftest.c  >&5
configure:4533: $? = 0
configure:4535: ./conftest
configure:4538: $? = 0
configure:4561: result: 8
configure:4568: checking for long double
configure:4592: gcc -pthread -c   conftest.c >&5
configure:4598: $? = 0
configure:4601: test -z 			 || test ! -s conftest.err
configure:4604: $? = 0
configure:4607: test -s conftest.o
configure:4610: $? = 0
configure:4621: result: yes
configure:4624: checking size of long double
configure:4936: gcc -pthread -o conftest    conftest.c  >&5
configure:4939: $? = 0
configure:4941: ./conftest
configure:4944: $? = 0
configure:4967: result: 16
configure:4989: checking whether byte ordering is bigendian
configure:5016: gcc -pthread -c   conftest.c >&5
configure:5022: $? = 0
configure:5025: test -z 			 || test ! -s conftest.err
configure:5028: $? = 0
configure:5031: test -s conftest.o
configure:5034: $? = 0
configure:5058: gcc -pthread -c   conftest.c >&5
conftest.c: In function 'main':
conftest.c:38:2: error: unknown type name 'not'
  not big endian
  ^
conftest.c:38:10: error: expected '=', ',', ';', 'asm' or '__attribute__' before 'endian'
  not big endian
          ^
configure:5064: $? = 1
configure: failed program was:
| /* confdefs.h.  */
| 
| #define PACKAGE_NAME "libffi"
| #define PACKAGE_TARNAME "libffi"
| #define PACKAGE_VERSION "2.1"
| #define PACKAGE_STRING "libffi 2.1"
| #define PACKAGE_BUGREPORT "http://gcc.gnu.org/bugs.html"
| #define STDC_HEADERS 1
| #define HAVE_SYS_TYPES_H 1
| #define HAVE_SYS_STAT_H 1
| #define HAVE_STDLIB_H 1
| #define HAVE_STRING_H 1
| #define HAVE_MEMORY_H 1
| #define HAVE_STRINGS_H 1
| #define HAVE_INTTYPES_H 1
| #define HAVE_STDINT_H 1
| #define HAVE_UNISTD_H 1
| #define HAVE_SYS_MMAN_H 1
| #define HAVE_MMAP 1
| #define HAVE_MMAP_FILE 1
| #define HAVE_MMAP_DEV_ZERO 1
| #define HAVE_MMAP_ANON 1
| #define STDC_HEADERS 1
| #define HAVE_MEMCPY 1
| #define HAVE_ALLOCA_H 1
| #define HAVE_ALLOCA 1
| #define SIZEOF_DOUBLE 8
| #define SIZEOF_LONG_DOUBLE 16
| #define HAVE_LONG_DOUBLE 1
| /* end confdefs.h.  */
| #include <sys/types.h>
| #include <sys/param.h>
| 
| int
| main ()
| {
| #if BYTE_ORDER != BIG_ENDIAN
|  not big endian
| #endif
| 
|   ;
|   return 0;
| }
configure:5197: result: no
configure:5354: checking whether .eh_frame section should be read-only
configure:5373: result: no
configure:5394: checking for __attribute__((visibility("hidden")))
configure:5403: gcc -pthread -Werror -S conftest.c -o conftest.s 1>&5
configure:5406: $? = 0
configure:5415: result: yes
configure:5556: creating ./config.status

## ---------------------- ##
## Running config.status. ##
## ---------------------- ##

This file was extended by libffi config.status 2.1, which was
generated by GNU Autoconf 2.59.  Invocation command line was

  CONFIG_FILES    = 
  CONFIG_HEADERS  = 
  CONFIG_LINKS    = 
  CONFIG_COMMANDS = 
  $ ./config.status 

on duoyi

config.status:717: creating include/ffi.h
config.status:717: creating fficonfig.py
config.status:775: creating fficonfig.h
config.status:907: fficonfig.h is unchanged
config.status:964: linking /home/duoyi/Document/pythonstudy/Python-2.5/Modules/_ctypes/libffi/src/x86/ffitarget.h to include/ffitarget.h
config.status:964: linking /home/duoyi/Document/pythonstudy/Python-2.5/Modules/_ctypes/libffi/include/ffi_common.h to include/ffi_common.h
config.status:1201: executing include commands
config.status:1201: executing src commands

## ---------------- ##
## Cache variables. ##
## ---------------- ##

ac_cv_build=x86_64-unknown-linux-gnu
ac_cv_build_alias=x86_64-unknown-linux-gnu
ac_cv_c_bigendian=no
ac_cv_c_compiler_gnu=yes
ac_cv_decl_map_anon=yes
ac_cv_env_CPPFLAGS_set=
ac_cv_env_CPPFLAGS_value=
ac_cv_env_CPP_set=
ac_cv_env_CPP_value=
ac_cv_env_build_alias_set=
ac_cv_env_build_alias_value=
ac_cv_env_host_alias_set=
ac_cv_env_host_alias_value=
ac_cv_env_target_alias_set=
ac_cv_env_target_alias_value=
ac_cv_exeext=
ac_cv_func_alloca_works=yes
ac_cv_func_memcpy=yes
ac_cv_func_mmap=yes
ac_cv_func_mmap_anon=yes
ac_cv_func_mmap_dev_zero=yes
ac_cv_func_mmap_file=yes
ac_cv_header_inttypes_h=yes
ac_cv_header_memory_h=yes
ac_cv_header_stdc=yes
ac_cv_header_stdint_h=yes
ac_cv_header_stdlib_h=yes
ac_cv_header_string_h=yes
ac_cv_header_strings_h=yes
ac_cv_header_sys_mman_h=yes
ac_cv_header_sys_stat_h=yes
ac_cv_header_sys_types_h=yes
ac_cv_header_unistd_h=yes
ac_cv_host=x86_64-unknown-linux-gnu
ac_cv_host_alias=x86_64-unknown-linux-gnu
ac_cv_objext=o
ac_cv_prog_CPP='gcc -pthread -E'
ac_cv_prog_ac_ct_CC='gcc -pthread'
ac_cv_prog_cc_g=yes
ac_cv_prog_cc_stdc=
ac_cv_prog_egrep='grep -E'
ac_cv_sizeof_double=8
ac_cv_sizeof_long_double=16
ac_cv_target=x86_64-unknown-linux-gnu
ac_cv_target_alias=x86_64-unknown-linux-gnu
ac_cv_type_double=yes
ac_cv_type_long_double=yes
ac_cv_working_alloca_h=yes
libffi_cv_hidden_visibility_attribute=yes
libffi_cv_ro_eh_frame=no

## ----------------- ##
## Output variables. ##
## ----------------- ##

ALLOCA=''
CC='gcc -pthread'
CFLAGS=''
CPP='gcc -pthread -E'
CPPFLAGS=''
DEFS='-DHAVE_CONFIG_H'
ECHO_C=''
ECHO_N='-n'
ECHO_T=''
EGREP='grep -E'
EXEEXT=''
HAVE_LONG_DOUBLE='1'
LIBOBJS=''
LIBS=''
LTLIBOBJS=''
MKTARGET='X86_64'
OBJEXT='o'
PACKAGE_BUGREPORT='http://gcc.gnu.org/bugs.html'
PACKAGE_NAME='libffi'
PACKAGE_STRING='libffi 2.1'
PACKAGE_TARNAME='libffi'
PACKAGE_VERSION='2.1'
PATH_SEPARATOR=':'
SHELL='/bin/bash'
TARGET='X86_64'
TARGETDIR='x86'
ac_ct_CC='gcc -pthread'
bindir='${exec_prefix}/bin'
build='x86_64-unknown-linux-gnu'
build_alias=''
build_cpu='x86_64'
build_os='linux-gnu'
build_vendor='unknown'
datadir='${prefix}/share'
exec_prefix='${prefix}'
host='x86_64-unknown-linux-gnu'
host_alias=''
host_cpu='x86_64'
host_os='linux-gnu'
host_vendor='unknown'
includedir='${prefix}/include'
infodir='${prefix}/info'
libdir='${exec_prefix}/lib'
libexecdir='${exec_prefix}/libexec'
localstatedir='${prefix}/var'
mandir='${prefix}/man'
oldincludedir='/usr/include'
prefix='/usr/local'
program_transform_name='s,x,x,'
sbindir='${exec_prefix}/sbin'
sharedstatedir='${prefix}/com'
sysconfdir='${prefix}/etc'
target='x86_64-unknown-linux-gnu'
target_alias=''
target_cpu='x86_64'
target_os='linux-gnu'
target_vendor='unknown'

## ----------- ##
## confdefs.h. ##
## ----------- ##

#define EH_FRAME_FLAGS "aw"
#define FFI_NO_RAW_API 1
#define HAVE_ALLOCA 1
#define HAVE_ALLOCA_H 1
#define HAVE_HIDDEN_VISIBILITY_ATTRIBUTE 1
#define HAVE_INTTYPES_H 1
#define HAVE_LONG_DOUBLE 1
#define HAVE_MEMCPY 1
#define HAVE_MEMORY_H 1
#define HAVE_MMAP 1
#define HAVE_MMAP_ANON 1
#define HAVE_MMAP_DEV_ZERO 1
#define HAVE_MMAP_FILE 1
#define HAVE_STDINT_H 1
#define HAVE_STDLIB_H 1
#define HAVE_STRINGS_H 1
#define HAVE_STRING_H 1
#define HAVE_SYS_MMAN_H 1
#define HAVE_SYS_STAT_H 1
#define HAVE_SYS_TYPES_H 1
#define HAVE_UNISTD_H 1
#define PACKAGE_BUGREPORT "http://gcc.gnu.org/bugs.html"
#define PACKAGE_NAME "libffi"
#define PACKAGE_STRING "libffi 2.1"
#define PACKAGE_TARNAME "libffi"
#define PACKAGE_VERSION "2.1"
#define SIZEOF_DOUBLE 8
#define SIZEOF_LONG_DOUBLE 16
#define STDC_HEADERS 1
#define STDC_HEADERS 1

configure: exit 0
